1
x [*] :=
1  0
;

_solve_elapsed_time = 0


2
x [*] :=
1  0
;

_solve_elapsed_time = 0


3
x [*] :=
1  0
;

_solve_elapsed_time = 0


4
x [*] :=
1  1
;

_solve_elapsed_time = 0


5
x [*] :=
1  0
;

_solve_elapsed_time = 0


6
x [*] :=
1  0
2  0
;

_solve_elapsed_time = 0


7
x [*] :=
1  1
2  0
;

_solve_elapsed_time = 0


8
x [*] :=
1  0
2  1
;

_solve_elapsed_time = 0


9
x [*] :=
1  1
2  1
;

_solve_elapsed_time = 0


10
x [*] :=
1  0
2  0
;

_solve_elapsed_time = 0


11
x [*] :=
1  0
2  0
3  0
;

_solve_elapsed_time = 0


12
x [*] :=
1  1
2  0
3  0
;

_solve_elapsed_time = 0


13
x [*] :=
1  0
2  1
3  0
;

_solve_elapsed_time = 0


14
x [*] :=
1  0
2  0
3  1
;

_solve_elapsed_time = 0.014923


15
x [*] :=
1  1
2  0
3  1
;

_solve_elapsed_time = 0.014923


16
x [*] :=
1  0
2  1
3  1
;

_solve_elapsed_time = 0.014923


17
x [*] :=
1  1
2  1
3  1
;

_solve_elapsed_time = 0.014923


18
x [*] :=
1  0
2  0
3  0
;

_solve_elapsed_time = 0.014923


19
x [*] :=
1  0
2  0
3  0
;

_solve_elapsed_time = 0.014923


20
x [*] :=
1  1
2  0
3  0
;

_solve_elapsed_time = 0.014923


21
x [*] :=
1  0
2  0
3  0
;

_solve_elapsed_time = 0.01405


22
x [*] :=
1  0
2  0
3  1
;

_solve_elapsed_time = 0.01405


23
x [*] :=
1  0
2  0
3  0
;

_solve_elapsed_time = 0.01405


