1
x [*] :=
  1 1    11 0    21 0    31 0    41 0    51 0    61 0    71 0    81 0    91 0
  2 1    12 0    22 0    32 0    42 0    52 0    62 0    72 0    82 0    92 0
  3 0    13 0    23 0    33 0    43 0    53 0    63 0    73 0    83 0    93 0
  4 0    14 1    24 0    34 0    44 0    54 0    64 0    74 0    84 0    94 0
  5 0    15 0    25 0    35 0    45 0    55 0    65 0    75 0    85 0    95 0
  6 0    16 0    26 0    36 0    46 0    56 0    66 0    76 0    86 0    96 0
  7 0    17 0    27 0    37 0    47 0    57 0    67 0    77 0    87 0    97 0
  8 0    18 0    28 0    38 0    48 0    58 0    68 0    78 0    88 0    98 0
  9 0    19 0    29 0    39 0    49 0    59 0    69 0    79 0    89 0    99 0
 10 0    20 0    30 0    40 0    50 0    60 0    70 0    80 0    90 0   100 0
;

_solve_elapsed_time = 0.017318


2
x [*] :=
 1 1    7 0   13 0   19 1   25 0   31 0   37 1   43 0   49 1   55 0
 2 1    8 1   14 1   20 0   26 1   32 1   38 0   44 1   50 1   56 1
 3 1    9 0   15 0   21 1   27 0   33 1   39 0   45 1   51 0   57 0
 4 0   10 1   16 0   22 1   28 1   34 1   40 1   46 1   52 0   58 1
 5 0   11 1   17 0   23 1   29 1   35 1   41 1   47 1   53 0   59 0
 6 0   12 1   18 1   24 1   30 1   36 1   42 1   48 1   54 1   60 1
;

_solve_elapsed_time = 0.018945


3
x [*] :=
 1 1    7 0   13 1   19 1   25 1   31 1   37 0   43 1   49 1   55 0
 2 1    8 0   14 0   20 1   26 1   32 1   38 1   44 0   50 0   56 1
 3 0    9 0   15 0   21 1   27 0   33 1   39 0   45 0   51 0   57 1
 4 0   10 0   16 1   22 1   28 1   34 1   40 0   46 0   52 1   58 1
 5 1   11 0   17 1   23 1   29 1   35 0   41 1   47 1   53 0   59 0
 6 0   12 1   18 1   24 1   30 1   36 1   42 0   48 1   54 0   60 1
;

_solve_elapsed_time = 0.107278


4
x [*] :=
 1 0    7 0   13 1   19 1   25 1   31 1   37 0   43 1   49 1   55 1
 2 1    8 0   14 1   20 1   26 1   32 1   38 1   44 0   50 0   56 1
 3 0    9 1   15 0   21 1   27 0   33 1   39 0   45 0   51 0   57 1
 4 0   10 0   16 1   22 1   28 1   34 1   40 1   46 0   52 1   58 0
 5 0   11 1   17 1   23 1   29 1   35 0   41 1   47 1   53 1   59 0
 6 0   12 1   18 1   24 1   30 0   36 1   42 0   48 1   54 0   60 1
;

_solve_elapsed_time = 0.161398


5
x [*] :=
 1 0    8 0   15 0   22 0   29 0   36 0   43 0   50 0   57 0   64 0
 2 0    9 0   16 0   23 0   30 0   37 0   44 0   51 0   58 0   65 0
 3 0   10 0   17 0   24 0   31 0   38 0   45 0   52 0   59 0   66 0
 4 1   11 0   18 1   25 0   32 0   39 0   46 0   53 0   60 0   67 0
 5 0   12 0   19 0   26 0   33 0   40 0   47 0   54 0   61 0   68 0
 6 0   13 0   20 0   27 0   34 1   41 0   48 0   55 0   62 0   69 0
 7 0   14 0   21 0   28 0   35 0   42 0   49 0   56 0   63 0   70 0
;

_solve_elapsed_time = 0.021523


6
x [*] :=
 1 1    8 0   15 0   22 0   29 0   36 0   43 1   50 0   57 0   64 0
 2 1    9 1   16 1   23 0   30 1   37 1   44 0   51 0   58 1   65 0
 3 0   10 1   17 1   24 1   31 0   38 1   45 1   52 0   59 0   66 1
 4 1   11 0   18 0   25 1   32 0   39 1   46 0   53 0   60 0   67 0
 5 0   12 1   19 0   26 1   33 0   40 1   47 1   54 0   61 1   68 1
 6 1   13 1   20 0   27 0   34 1   41 0   48 1   55 1   62 0   69 1
 7 1   14 1   21 0   28 0   35 1   42 1   49 0   56 0   63 1   70 1
;

_solve_elapsed_time = 0.131144


7
x [*] :=
 1 1    8 0   15 0   22 0   29 1   36 0   43 1   50 0   57 0   64 0
 2 1    9 1   16 1   23 0   30 1   37 0   44 0   51 0   58 1   65 0
 3 0   10 1   17 1   24 1   31 0   38 1   45 1   52 1   59 1   66 1
 4 1   11 0   18 0   25 1   32 0   39 1   46 0   53 0   60 1   67 0
 5 0   12 1   19 0   26 0   33 0   40 1   47 1   54 0   61 1   68 1
 6 0   13 1   20 1   27 0   34 1   41 0   48 1   55 1   62 0   69 0
 7 1   14 1   21 1   28 0   35 1   42 1   49 0   56 1   63 1   70 1
;

_solve_elapsed_time = 0.133984


8
x [*] :=
 1 0    9 0   17 0   25 0   33 0   41 0   49 0   57 0   65 0   73 0
 2 0   10 0   18 0   26 0   34 0   42 0   50 0   58 0   66 0   74 0
 3 1   11 0   19 0   27 1   35 1   43 0   51 0   59 0   67 0   75 1
 4 0   12 0   20 0   28 0   36 0   44 0   52 0   60 0   68 0   76 0
 5 0   13 0   21 0   29 1   37 0   45 0   53 0   61 0   69 0   77 1
 6 0   14 0   22 0   30 0   38 0   46 0   54 0   62 0   70 0   78 0
 7 0   15 0   23 0   31 0   39 0   47 0   55 0   63 0   71 0   79 0
 8 0   16 0   24 0   32 0   40 0   48 0   56 0   64 0   72 0   80 0
;

_solve_elapsed_time = 0.147287


9
x [*] :=
 1 0    9 0   17 1   25 0   33 1   41 0   49 0   57 0   65 0   73 0
 2 0   10 0   18 0   26 0   34 1   42 0   50 0   58 0   66 0   74 0
 3 0   11 0   19 0   27 0   35 0   43 0   51 0   59 0   67 0   75 0
 4 0   12 0   20 0   28 0   36 1   44 0   52 0   60 0   68 0   76 1
 5 0   13 0   21 0   29 0   37 0   45 0   53 0   61 0   69 0   77 0
 6 0   14 0   22 0   30 1   38 0   46 0   54 1   62 1   70 0   78 0
 7 0   15 0   23 0   31 0   39 0   47 0   55 0   63 0   71 0   79 0
 8 0   16 1   24 0   32 0   40 1   48 0   56 0   64 1   72 0   80 0
;

_solve_elapsed_time = 0.176461


10
x [*] :=
 1 1    9 0   17 0   25 0   33 0   41 0   49 0   57 0   65 0   73 0
 2 1   10 0   18 0   26 0   34 0   42 0   50 0   58 0   66 0   74 0
 3 0   11 0   19 0   27 1   35 1   43 0   51 0   59 0   67 0   75 0
 4 0   12 1   20 0   28 0   36 0   44 0   52 0   60 0   68 0   76 0
 5 0   13 0   21 0   29 0   37 0   45 1   53 0   61 0   69 0   77 0
 6 0   14 0   22 0   30 0   38 0   46 0   54 0   62 0   70 0   78 0
 7 0   15 0   23 0   31 0   39 0   47 0   55 0   63 0   71 0   79 0
 8 0   16 1   24 0   32 0   40 0   48 0   56 0   64 0   72 0   80 0
;

_solve_elapsed_time = 0.085186


11
x [*] :=
 1 1   10 1   19 0   28 1   37 1   46 1   55 0   64 0   73 0   82 1
 2 1   11 0   20 0   29 0   38 1   47 1   56 1   65 1   74 1   83 0
 3 1   12 0   21 1   30 0   39 1   48 1   57 0   66 1   75 1   84 1
 4 1   13 0   22 1   31 1   40 0   49 0   58 1   67 1   76 1   85 1
 5 0   14 1   23 0   32 0   41 0   50 1   59 1   68 1   77 1   86 0
 6 0   15 1   24 0   33 1   42 1   51 1   60 0   69 0   78 1   87 0
 7 0   16 1   25 0   34 0   43 0   52 1   61 0   70 0   79 1   88 0
 8 1   17 0   26 1   35 0   44 0   53 1   62 1   71 0   80 0   89 0
 9 0   18 0   27 1   36 0   45 1   54 1   63 1   72 0   81 0   90 0
;

_solve_elapsed_time = 0.100088


12
x [*] :=
 1 0   10 0   19 0   28 1   37 1   46 1   55 0   64 1   73 0   82 1
 2 1   11 0   20 0   29 1   38 1   47 0   56 1   65 1   74 1   83 1
 3 1   12 0   21 1   30 0   39 1   48 0   57 0   66 0   75 1   84 1
 4 0   13 0   22 1   31 1   40 0   49 0   58 1   67 1   76 1   85 1
 5 0   14 0   23 0   32 0   41 0   50 1   59 1   68 1   77 1   86 0
 6 0   15 1   24 0   33 1   42 0   51 1   60 0   69 0   78 0   87 0
 7 0   16 0   25 0   34 0   43 1   52 1   61 0   70 0   79 1   88 1
 8 1   17 0   26 1   35 1   44 1   53 0   62 1   71 0   80 0   89 0
 9 0   18 1   27 1   36 0   45 1   54 1   63 1   72 0   81 0   90 0
;

_solve_elapsed_time = 0.022263


13
x [*] :=
 1 0   10 0   19 0   28 0   37 0   46 0   55 0   64 0   73 1   82 0
 2 1   11 0   20 0   29 0   38 0   47 0   56 0   65 0   74 0   83 0
 3 1   12 0   21 0   30 0   39 0   48 0   57 0   66 0   75 0   84 0
 4 0   13 0   22 0   31 0   40 0   49 0   58 0   67 0   76 0   85 0
 5 0   14 0   23 0   32 0   41 0   50 0   59 0   68 0   77 0   86 1
 6 0   15 0   24 0   33 0   42 0   51 0   60 0   69 1   78 0   87 0
 7 0   16 0   25 0   34 0   43 0   52 0   61 0   70 0   79 0   88 1
 8 0   17 0   26 0   35 0   44 0   53 0   62 0   71 0   80 0   89 0
 9 0   18 0   27 0   36 0   45 0   54 0   63 0   72 1   81 0   90 0
;

_solve_elapsed_time = 0.141822


14
x [*] :=
  1 0    11 1    21 1    31 1    41 1    51 1    61 1    71 1    81 1    91 1
  2 1    12 1    22 1    32 1    42 1    52 0    62 1    72 1    82 1    92 1
  3 1    13 1    23 1    33 1    43 1    53 1    63 1    73 1    83 1    93 1
  4 1    14 1    24 0    34 1    44 1    54 1    64 1    74 1    84 1    94 1
  5 1    15 1    25 1    35 0    45 1    55 1    65 1    75 1    85 1    95 1
  6 1    16 1    26 1    36 1    46 1    56 1    66 1    76 1    86 1    96 1
  7 1    17 1    27 1    37 1    47 1    57 1    67 1    77 1    87 1    97 1
  8 1    18 1    28 1    38 1    48 1    58 1    68 1    78 1    88 0    98 1
  9 1    19 1    29 1    39 1    49 1    59 1    69 1    79 1    89 1    99 1
 10 1    20 1    30 1    40 1    50 1    60 1    70 1    80 1    90 1   100 1
;

_solve_elapsed_time = 0.022798


15
x [*] :=
  1 1    11 0    21 1    31 0    41 0    51 0    61 0    71 0    81 0    91 0
  2 0    12 0    22 0    32 0    42 0    52 0    62 0    72 0    82 0    92 0
  3 0    13 0    23 0    33 0    43 0    53 1    63 0    73 0    83 0    93 0
  4 0    14 0    24 1    34 0    44 0    54 0    64 0    74 0    84 0    94 0
  5 0    15 0    25 0    35 0    45 0    55 0    65 0    75 0    85 0    95 0
  6 0    16 0    26 0    36 0    46 0    56 1    66 0    76 0    86 1    96 1
  7 0    17 0    27 0    37 1    47 1    57 0    67 0    77 0    87 0    97 0
  8 0    18 1    28 0    38 0    48 1    58 0    68 0    78 0    88 0    98 0
  9 1    19 0    29 0    39 0    49 0    59 0    69 0    79 0    89 1    99 0
 10 1    20 0    30 0    40 0    50 0    60 0    70 0    80 0    90 0   100 0
;

_solve_elapsed_time = 0.119895


16
x [*] :=
  1 0    11 1    21 1    31 1    41 1    51 0    61 0    71 1    81 1    91 1
  2 1    12 1    22 1    32 1    42 1    52 0    62 1    72 1    82 1    92 1
  3 1    13 1    23 1    33 1    43 1    53 1    63 1    73 1    83 1    93 1
  4 1    14 0    24 0    34 1    44 1    54 1    64 1    74 1    84 1    94 1
  5 1    15 1    25 1    35 0    45 1    55 1    65 1    75 1    85 1    95 1
  6 1    16 1    26 1    36 0    46 1    56 1    66 1    76 1    86 1    96 1
  7 1    17 0    27 1    37 1    47 1    57 1    67 1    77 1    87 1    97 1
  8 1    18 0    28 1    38 1    48 1    58 1    68 1    78 0    88 0    98 1
  9 1    19 1    29 1    39 0    49 1    59 1    69 1    79 1    89 1    99 1
 10 1    20 1    30 1    40 0    50 1    60 0    70 1    80 0    90 1   100 1
;

_solve_elapsed_time = 0.022721


