1
x [*] :=
1  0
2  1
3  1
4  0
5  1
6  0
;

_solve_elapsed_time = 0


2
x [*] :=
1  0
2  1
3  1
4  0
5  1
6  0
;

_solve_elapsed_time = 0


3
x [*] :=
1  0
2  1
3  1
4  0
5  0
6  1
7  0
8  1
;

_solve_elapsed_time = 0.023684


4
x [*] :=
 1  0
 2  0
 3  1
 4  0
 5  1
 6  1
 7  1
 8  1
 9  0
10  1
;

_solve_elapsed_time = 0.111094


5
x [*] :=
 1  0
 2  0
 3  0
 4  0
 5  0
 6  1
 7  0
 8  1
 9  0
10  0
;

_solve_elapsed_time = 0.018852


6
x [*] :=
1  0
2  1
3  0
4  0
5  0
6  0
7  0
8  1
9  1
;

_solve_elapsed_time = 0.017435


7
x [*] :=
 1  1
 2  0
 3  0
 4  0
 5  1
 6  0
 7  0
 8  0
 9  0
10  1
;

_solve_elapsed_time = 0.017913


8
x [*] :=
 1  0
 2  0
 3  1
 4  1
 5  1
 6  0
 7  1
 8  0
 9  1
10  0
;

_solve_elapsed_time = 0.017485


9
x [*] :=
 1  1
 2  1
 3  1
 4  1
 5  0
 6  1
 7  1
 8  0
 9  0
10  1
11  0
12  1
13  0
14  1
;

_solve_elapsed_time = 0.01813


10
x [*] :=
 1 0    3 0    5 1    7 0    9 0   11 0   13 0   15 0   17 0   19 0   21 0
 2 1    4 0    6 0    8 0   10 0   12 0   14 0   16 0   18 0   20 1
;

_solve_elapsed_time = 0.018347


