1
x [*] :=
1  1
2  0
3  0
4  1
5  0
;

_solve_elapsed_time = 0


2
x [*] :=
1  1
2  0
3  0
4  0
5  1
;

_solve_elapsed_time = 0.015104


3
x [*] :=
1  0
2  0
3  0
4  0
5  0
;

_solve_elapsed_time = 0.015104


4
x [*] :=
1  0
2  0
3  0
4  0
5  0
;

_solve_elapsed_time = 0.015104


5
x [*] :=
1  0
2  0
3  0
4  0
5  0
;

_solve_elapsed_time = 0.015104


6
x [*] :=
 1  1
 2  0
 3  1
 4  0
 5  1
 6  0
 7  1
 8  0
 9  1
10  0
;

_solve_elapsed_time = 0.018257


7
x [*] :=
 1  0
 2  1
 3  1
 4  0
 5  0
 6  0
 7  1
 8  0
 9  0
10  1
;

_solve_elapsed_time = 0.018257


8
x [*] :=
 1  0
 2  1
 3  0
 4  0
 5  0
 6  0
 7  0
 8  0
 9  0
10  0
;

_solve_elapsed_time = 0.017403


9
x [*] :=
 1  0
 2  0
 3  0
 4  0
 5  0
 6  0
 7  0
 8  0
 9  0
10  0
;

_solve_elapsed_time = 0.017403


10
x [*] :=
 1  0
 2  0
 3  0
 4  0
 5  0
 6  0
 7  0
 8  0
 9  0
10  0
;

_solve_elapsed_time = 0.017403


11
x [*] :=
 1  0
 2  0
 3  1
 4  0
 5  0
 6  0
 7  0
 8  0
 9  0
10  0
11  0
12  0
13  0
14  0
15  0
;

_solve_elapsed_time = 0.018336


12
x [*] :=
 1  1
 2  0
 3  1
 4  1
 5  1
 6  1
 7  1
 8  1
 9  1
10  1
11  1
12  1
13  1
14  1
15  1
;

_solve_elapsed_time = 0.018435


13
x [*] :=
 1  0
 2  0
 3  1
 4  0
 5  0
 6  0
 7  0
 8  1
 9  1
10  0
11  0
12  0
13  0
14  0
15  0
;

_solve_elapsed_time = 0.019004


14
x [*] :=
 1  0
 2  0
 3  1
 4  1
 5  1
 6  0
 7  1
 8  0
 9  1
10  0
11  0
12  1
13  1
14  0
15  0
;

_solve_elapsed_time = 0.017064


15
x [*] :=
 1  1
 2  0
 3  0
 4  1
 5  0
 6  1
 7  0
 8  0
 9  0
10  1
11  0
12  0
13  0
14  0
15  0
;

_solve_elapsed_time = 0.018809


16
x [*] :=
 1  0
 2  0
 3  0
 4  0
 5  0
 6  0
 7  0
 8  1
 9  1
10  0
11  0
12  0
13  0
14  0
15  0
16  0
17  0
18  0
19  0
20  0
;

_solve_elapsed_time = 0.019402


17
x [*] :=
 1  0
 2  1
 3  1
 4  0
 5  0
 6  1
 7  0
 8  1
 9  1
10  1
11  1
12  1
13  1
14  1
15  1
16  0
17  1
18  1
19  0
20  1
;

_solve_elapsed_time = 0.019635


18
x [*] :=
 1  1
 2  1
 3  1
 4  1
 5  0
 6  1
 7  0
 8  0
 9  0
10  1
11  1
12  1
13  0
14  0
15  0
16  0
17  0
18  1
19  1
20  1
;

_solve_elapsed_time = 0.018307


19
x [*] :=
 1  0
 2  1
 3  1
 4  0
 5  0
 6  0
 7  0
 8  1
 9  0
10  1
11  1
12  0
13  1
14  1
15  1
16  0
17  1
18  0
19  0
20  0
;

_solve_elapsed_time = 0.017719


20
x [*] :=
 1  1
 2  0
 3  1
 4  0
 5  0
 6  1
 7  0
 8  1
 9  0
10  1
11  1
12  1
13  0
14  1
15  1
16  0
17  1
18  1
19  0
20  1
;

_solve_elapsed_time = 0.018563


21
x [*] :=
 1 0    4 1    7 0   10 1   13 1   16 1   19 0   22 1   25 1
 2 1    5 1    8 1   11 0   14 0   17 1   20 0   23 0
 3 1    6 0    9 0   12 0   15 0   18 1   21 0   24 0
;

_solve_elapsed_time = 0.019279


22
x [*] :=
 1 0    4 1    7 0   10 0   13 0   16 0   19 0   22 0   25 1
 2 0    5 0    8 0   11 0   14 0   17 0   20 0   23 0
 3 1    6 1    9 0   12 0   15 0   18 0   21 0   24 0
;

_solve_elapsed_time = 0.01834


23
x [*] :=
 1 0    4 1    7 0   10 1   13 0   16 0   19 0   22 0   25 1
 2 1    5 1    8 0   11 1   14 0   17 0   20 0   23 0
 3 0    6 0    9 0   12 0   15 0   18 1   21 0   24 0
;

_solve_elapsed_time = 0.019301


24
x [*] :=
 1 0    4 0    7 0   10 0   13 0   16 1   19 0   22 0   25 1
 2 0    5 0    8 0   11 0   14 0   17 0   20 1   23 0
 3 1    6 0    9 0   12 0   15 0   18 0   21 1   24 0
;

_solve_elapsed_time = 0.017162


25
x [*] :=
 1 1    4 1    7 1   10 1   13 1   16 1   19 1   22 1   25 1
 2 1    5 1    8 1   11 1   14 1   17 1   20 1   23 1
 3 1    6 1    9 1   12 1   15 1   18 1   21 1   24 1
;

_solve_elapsed_time = 0.017423


26
x [*] :=
 1 1    4 0    7 0   10 1   13 0   16 1   19 1   22 1   25 1   28 1
 2 1    5 1    8 1   11 0   14 1   17 0   20 1   23 0   26 1   29 0
 3 1    6 0    9 1   12 0   15 1   18 0   21 0   24 1   27 0   30 1
;

_solve_elapsed_time = 0.018098


27
x [*] :=
 1 0    4 1    7 1   10 0   13 1   16 0   19 0   22 0   25 0   28 0
 2 0    5 0    8 0   11 0   14 0   17 1   20 0   23 1   26 0   29 0
 3 0    6 1    9 0   12 1   15 0   18 0   21 1   24 0   27 1   30 0
;

_solve_elapsed_time = 0.018289


28
x [*] :=
 1 1    4 1    7 0   10 0   13 1   16 0   19 0   22 0   25 0   28 0
 2 0    5 0    8 0   11 1   14 0   17 0   20 0   23 0   26 0   29 0
 3 0    6 0    9 1   12 1   15 1   18 0   21 0   24 0   27 0   30 0
;

_solve_elapsed_time = 0.018112


29
x [*] :=
 1 0    4 0    7 0   10 0   13 0   16 0   19 0   22 0   25 0   28 0
 2 0    5 0    8 0   11 0   14 0   17 0   20 0   23 0   26 0   29 1
 3 0    6 0    9 0   12 1   15 0   18 0   21 0   24 0   27 0   30 0
;

_solve_elapsed_time = 0.020471


30
x [*] :=
 1 1    4 1    7 0   10 1   13 1   16 1   19 1   22 1   25 0   28 1
 2 0    5 1    8 1   11 1   14 1   17 1   20 0   23 1   26 1   29 0
 3 1    6 1    9 0   12 0   15 0   18 0   21 1   24 0   27 1   30 1
;

_solve_elapsed_time = 0.019324


31
x [*] :=
 1 0    5 1    9 1   13 1   17 0   21 0   25 0   29 0   33 0
 2 1    6 1   10 0   14 1   18 0   22 0   26 0   30 0   34 0
 3 1    7 1   11 1   15 1   19 0   23 0   27 1   31 1   35 0
 4 1    8 1   12 0   16 0   20 0   24 0   28 0   32 0
;

_solve_elapsed_time = 0.017788


32
x [*] :=
 1 0    5 1    9 1   13 1   17 0   21 0   25 0   29 1   33 0
 2 1    6 1   10 0   14 0   18 0   22 0   26 0   30 0   34 0
 3 0    7 0   11 1   15 0   19 0   23 0   27 1   31 0   35 0
 4 0    8 1   12 0   16 0   20 0   24 0   28 1   32 0
;

_solve_elapsed_time = 0.017444


33
x [*] :=
 1 0    5 1    9 0   13 0   17 0   21 0   25 1   29 1   33 0
 2 1    6 1   10 1   14 1   18 0   22 0   26 1   30 1   34 0
 3 0    7 1   11 0   15 0   19 1   23 1   27 1   31 1   35 1
 4 1    8 1   12 0   16 0   20 0   24 0   28 1   32 1
;

_solve_elapsed_time = 0.0175


34
x [*] :=
 1 0    5 1    9 1   13 0   17 0   21 0   25 1   29 1   33 0
 2 0    6 0   10 1   14 1   18 0   22 0   26 1   30 1   34 0
 3 0    7 1   11 0   15 1   19 1   23 1   27 1   31 1   35 1
 4 1    8 1   12 0   16 0   20 0   24 1   28 0   32 1
;

_solve_elapsed_time = 0.01851


35
x [*] :=
 1 0    5 1    9 0   13 0   17 0   21 0   25 0   29 0   33 0
 2 1    6 1   10 0   14 0   18 0   22 0   26 0   30 0   34 0
 3 0    7 0   11 0   15 0   19 0   23 0   27 0   31 0   35 0
 4 0    8 0   12 0   16 0   20 0   24 0   28 0   32 0
;

_solve_elapsed_time = 0.01748


36
x [*] :=
 1 0    5 0    9 1   13 0   17 0   21 1   25 1   29 0   33 1   37 0
 2 1    6 0   10 1   14 0   18 1   22 1   26 0   30 1   34 0   38 0
 3 0    7 0   11 0   15 1   19 0   23 1   27 0   31 1   35 1   39 1
 4 1    8 1   12 0   16 1   20 1   24 1   28 0   32 0   36 1   40 0
;

_solve_elapsed_time = 0.01784


37
x [*] :=
 1 0    5 0    9 0   13 0   17 0   21 0   25 0   29 0   33 0   37 0
 2 1    6 0   10 1   14 0   18 1   22 0   26 0   30 0   34 0   38 0
 3 1    7 0   11 1   15 0   19 0   23 0   27 0   31 0   35 0   39 0
 4 1    8 1   12 0   16 0   20 0   24 0   28 0   32 0   36 0   40 0
;

_solve_elapsed_time = 0.017068


38
x [*] :=
 1 1    5 0    9 0   13 0   17 0   21 0   25 0   29 0   33 0   37 0
 2 1    6 0   10 1   14 0   18 1   22 0   26 0   30 0   34 0   38 0
 3 1    7 0   11 1   15 0   19 0   23 0   27 0   31 0   35 0   39 0
 4 1    8 1   12 0   16 0   20 0   24 0   28 0   32 0   36 0   40 0
;

_solve_elapsed_time = 0.018337


39
x [*] :=
 1 0    5 0    9 1   13 0   17 0   21 0   25 1   29 0   33 1   37 0
 2 1    6 0   10 1   14 0   18 1   22 1   26 1   30 1   34 0   38 1
 3 0    7 0   11 0   15 1   19 0   23 1   27 0   31 1   35 1   39 1
 4 1    8 1   12 0   16 1   20 0   24 1   28 0   32 0   36 1   40 0
;

_solve_elapsed_time = 0.018074


40
x [*] :=
 1 0    5 0    9 1   13 0   17 0   21 1   25 1   29 0   33 1   37 1
 2 1    6 0   10 1   14 0   18 1   22 0   26 1   30 1   34 0   38 0
 3 1    7 1   11 1   15 0   19 1   23 0   27 0   31 1   35 0   39 1
 4 1    8 1   12 0   16 0   20 1   24 1   28 0   32 0   36 1   40 1
;

_solve_elapsed_time = 0.017572


41
x [*] :=
 1 0    6 0   11 0   16 0   21 0   26 0   31 1   36 0   41 1
 2 1    7 0   12 0   17 0   22 1   27 0   32 0   37 0   42 1
 3 0    8 1   13 0   18 0   23 0   28 0   33 0   38 0   43 0
 4 0    9 1   14 1   19 0   24 1   29 1   34 0   39 0   44 0
 5 1   10 1   15 0   20 0   25 0   30 0   35 0   40 1   45 0
;

_solve_elapsed_time = 0.017825


42
x [*] :=
 1 1    6 1   11 0   16 0   21 0   26 0   31 0   36 0   41 0
 2 0    7 0   12 0   17 0   22 0   27 0   32 0   37 0   42 0
 3 0    8 0   13 0   18 0   23 0   28 0   33 1   38 0   43 0
 4 0    9 0   14 0   19 0   24 0   29 0   34 0   39 0   44 0
 5 0   10 0   15 0   20 0   25 1   30 0   35 0   40 0   45 0
;

_solve_elapsed_time = 0.018946


43
x [*] :=
 1 0    6 0   11 0   16 0   21 0   26 0   31 1   36 0   41 0
 2 0    7 1   12 0   17 0   22 1   27 0   32 0   37 0   42 0
 3 0    8 1   13 1   18 0   23 0   28 0   33 0   38 0   43 0
 4 0    9 1   14 1   19 0   24 1   29 1   34 0   39 0   44 0
 5 0   10 0   15 0   20 0   25 0   30 0   35 0   40 0   45 0
;

_solve_elapsed_time = 0.018593


44
x [*] :=
 1 0    6 0   11 0   16 0   21 0   26 0   31 1   36 0   41 1
 2 0    7 0   12 0   17 0   22 1   27 0   32 0   37 0   42 1
 3 0    8 0   13 1   18 0   23 0   28 0   33 0   38 0   43 0
 4 0    9 0   14 1   19 0   24 1   29 1   34 0   39 0   44 0
 5 0   10 0   15 0   20 0   25 0   30 0   35 0   40 1   45 0
;

_solve_elapsed_time = 0.017586


45
x [*] :=
 1 1    6 0   11 0   16 0   21 1   26 1   31 1   36 0   41 0
 2 0    7 0   12 0   17 1   22 1   27 0   32 0   37 0   42 0
 3 1    8 0   13 1   18 0   23 1   28 0   33 1   38 0   43 0
 4 1    9 0   14 1   19 0   24 0   29 1   34 0   39 0   44 0
 5 0   10 0   15 1   20 1   25 0   30 0   35 0   40 1   45 0
;

_solve_elapsed_time = 0.019462


46
x [*] :=
 1 0    6 0   11 0   16 0   21 0   26 0   31 0   36 0   41 0   46 1
 2 0    7 1   12 0   17 0   22 0   27 0   32 0   37 0   42 0   47 1
 3 1    8 0   13 0   18 0   23 0   28 0   33 1   38 1   43 0   48 0
 4 1    9 0   14 0   19 0   24 0   29 0   34 1   39 0   44 1   49 0
 5 0   10 0   15 0   20 0   25 0   30 0   35 0   40 0   45 1   50 0
;

_solve_elapsed_time = 0.017234


47
x [*] :=
 1 1    6 0   11 1   16 1   21 0   26 0   31 0   36 0   41 0   46 0
 2 0    7 1   12 0   17 0   22 0   27 0   32 0   37 0   42 0   47 0
 3 1    8 0   13 0   18 0   23 0   28 0   33 1   38 1   43 0   48 0
 4 1    9 1   14 1   19 0   24 0   29 0   34 1   39 0   44 1   49 0
 5 0   10 1   15 0   20 0   25 0   30 0   35 0   40 0   45 1   50 0
;

_solve_elapsed_time = 0.017415


48
x [*] :=
 1 0    6 0   11 0   16 0   21 0   26 1   31 1   36 0   41 0   46 0
 2 0    7 1   12 1   17 0   22 1   27 1   32 0   37 1   42 0   47 0
 3 1    8 1   13 0   18 0   23 1   28 1   33 0   38 1   43 0   48 0
 4 1    9 1   14 1   19 0   24 0   29 1   34 0   39 0   44 1   49 0
 5 0   10 0   15 0   20 1   25 1   30 0   35 0   40 1   45 1   50 0
;

_solve_elapsed_time = 0.018053


49
x [*] :=
 1 0    6 0   11 0   16 1   21 0   26 0   31 1   36 0   41 0   46 0
 2 0    7 1   12 1   17 0   22 0   27 0   32 0   37 1   42 0   47 0
 3 0    8 0   13 0   18 0   23 0   28 1   33 1   38 0   43 0   48 0
 4 1    9 1   14 1   19 0   24 0   29 0   34 1   39 0   44 0   49 0
 5 0   10 0   15 0   20 0   25 0   30 0   35 0   40 0   45 0   50 0
;

_solve_elapsed_time = 0.017717


50
x [*] :=
 1 1    6 0   11 1   16 1   21 0   26 0   31 1   36 0   41 0   46 0
 2 0    7 1   12 1   17 0   22 0   27 0   32 0   37 0   42 0   47 0
 3 0    8 0   13 0   18 1   23 0   28 1   33 1   38 1   43 0   48 0
 4 1    9 1   14 1   19 0   24 0   29 0   34 1   39 0   44 1   49 0
 5 0   10 1   15 0   20 0   25 0   30 0   35 0   40 0   45 1   50 0
;

_solve_elapsed_time = 0.018274


